{"C:\\Users\\HP\\Desktop\\FoodVilla\\src\\cartSlice.js": {"path":"C:\\Users\\HP\\Desktop\\FoodVilla\\src\\cartSlice.js","statementMap":{"0":{"start":{"line":3,"column":17},"end":{"line":24,"column":1}},"1":{"start":{"line":11,"column":12},"end":{"line":11,"column":45}},"2":{"start":{"line":15,"column":12},"end":{"line":15,"column":30}},"3":{"start":{"line":19,"column":13},"end":{"line":19,"column":28}},"4":{"start":{"line":26,"column":44},"end":{"line":26,"column":61}}},"fnMap":{"0":{"name":"(anonymous_0)","decl":{"start":{"line":10,"column":17},"end":{"line":10,"column":18}},"loc":{"start":{"line":10,"column":34},"end":{"line":13,"column":10}},"line":10},"1":{"name":"(anonymous_1)","decl":{"start":{"line":14,"column":20},"end":{"line":14,"column":21}},"loc":{"start":{"line":14,"column":36},"end":{"line":17,"column":10}},"line":14},"2":{"name":"(anonymous_2)","decl":{"start":{"line":18,"column":19},"end":{"line":18,"column":20}},"loc":{"start":{"line":18,"column":28},"end":{"line":20,"column":10}},"line":18}},"branchMap":{},"s":{"0":1,"1":0,"2":0,"3":0,"4":1},"f":{"0":0,"1":0,"2":0},"b":{},"_coverageSchema":"1a1c01bbd47fc00a2c39e90264f33305004495a9","hash":"f36068f31b946b3cb31dcd93bf52a81c85b24fbb"}
,"C:\\Users\\HP\\Desktop\\FoodVilla\\src\\store.js": {"path":"C:\\Users\\HP\\Desktop\\FoodVilla\\src\\store.js","statementMap":{"0":{"start":{"line":4,"column":12},"end":{"line":9,"column":2}}},"fnMap":{},"branchMap":{},"s":{"0":1},"f":{},"b":{},"_coverageSchema":"1a1c01bbd47fc00a2c39e90264f33305004495a9","hash":"5e67d9001fbd0ef9887a542894fbc2df4120a4c6"}
,"C:\\Users\\HP\\Desktop\\FoodVilla\\src\\components\\Header.jsx": {"path":"C:\\Users\\HP\\Desktop\\FoodVilla\\src\\components\\Header.jsx","statementMap":{"0":{"start":{"line":7,"column":15},"end":{"line":52,"column":1}},"1":{"start":{"line":8,"column":19},"end":{"line":8,"column":59}},"2":{"start":{"line":8,"column":42},"end":{"line":8,"column":58}},"3":{"start":{"line":10,"column":2},"end":{"line":51,"column":4}}},"fnMap":{"0":{"name":"(anonymous_0)","decl":{"start":{"line":7,"column":15},"end":{"line":7,"column":16}},"loc":{"start":{"line":7,"column":21},"end":{"line":52,"column":1}},"line":7},"1":{"name":"(anonymous_1)","decl":{"start":{"line":8,"column":31},"end":{"line":8,"column":32}},"loc":{"start":{"line":8,"column":42},"end":{"line":8,"column":58}},"line":8}},"branchMap":{"0":{"loc":{"start":{"line":35,"column":11},"end":{"line":39,"column":11}},"type":"binary-expr","locations":[{"start":{"line":35,"column":11},"end":{"line":35,"column":30}},{"start":{"line":36,"column":12},"end":{"line":38,"column":19}}],"line":35}},"s":{"0":1,"1":1,"2":2,"3":1},"f":{"0":1,"1":2},"b":{"0":[1,0]},"_coverageSchema":"1a1c01bbd47fc00a2c39e90264f33305004495a9","hash":"414b184703f42bebce965207ce80ba493d41319d"}
,"C:\\Users\\HP\\Desktop\\FoodVilla\\src\\components\\constant.js": {"path":"C:\\Users\\HP\\Desktop\\FoodVilla\\src\\components\\constant.js","statementMap":{"0":{"start":{"line":1,"column":18},"end":{"line":1,"column":72}}},"fnMap":{},"branchMap":{},"s":{"0":1},"f":{},"b":{},"_coverageSchema":"1a1c01bbd47fc00a2c39e90264f33305004495a9","hash":"3ecaf813d5647ce4f986b34e90b191e55faed9c5"}
}
