{"C:\\Users\\HP\\Desktop\\FoodVilla\\src\\cartSlice.js": {"path":"C:\\Users\\HP\\Desktop\\FoodVilla\\src\\cartSlice.js","statementMap":{"0":{"start":{"line":3,"column":17},"end":{"line":24,"column":1}},"1":{"start":{"line":11,"column":12},"end":{"line":11,"column":45}},"2":{"start":{"line":15,"column":12},"end":{"line":15,"column":30}},"3":{"start":{"line":19,"column":13},"end":{"line":19,"column":28}},"4":{"start":{"line":26,"column":44},"end":{"line":26,"column":61}}},"fnMap":{"0":{"name":"(anonymous_0)","decl":{"start":{"line":10,"column":17},"end":{"line":10,"column":18}},"loc":{"start":{"line":10,"column":34},"end":{"line":13,"column":10}},"line":10},"1":{"name":"(anonymous_1)","decl":{"start":{"line":14,"column":20},"end":{"line":14,"column":21}},"loc":{"start":{"line":14,"column":36},"end":{"line":17,"column":10}},"line":14},"2":{"name":"(anonymous_2)","decl":{"start":{"line":18,"column":19},"end":{"line":18,"column":20}},"loc":{"start":{"line":18,"column":28},"end":{"line":20,"column":10}},"line":18}},"branchMap":{},"s":{"0":3,"1":0,"2":0,"3":0,"4":3},"f":{"0":0,"1":0,"2":0},"b":{},"_coverageSchema":"1a1c01bbd47fc00a2c39e90264f33305004495a9","hash":"f36068f31b946b3cb31dcd93bf52a81c85b24fbb"}
,"C:\\Users\\HP\\Desktop\\FoodVilla\\src\\store.js": {"path":"C:\\Users\\HP\\Desktop\\FoodVilla\\src\\store.js","statementMap":{"0":{"start":{"line":4,"column":12},"end":{"line":9,"column":2}}},"fnMap":{},"branchMap":{},"s":{"0":3},"f":{},"b":{},"_coverageSchema":"1a1c01bbd47fc00a2c39e90264f33305004495a9","hash":"5e67d9001fbd0ef9887a542894fbc2df4120a4c6"}
,"C:\\Users\\HP\\Desktop\\FoodVilla\\src\\components\\Body.jsx": {"path":"C:\\Users\\HP\\Desktop\\FoodVilla\\src\\components\\Body.jsx","statementMap":{"0":{"start":{"line":11,"column":2},"end":{"line":13,"column":4}},"1":{"start":{"line":12,"column":4},"end":{"line":12,"column":86}},"2":{"start":{"line":16,"column":13},"end":{"line":82,"column":1}},"3":{"start":{"line":17,"column":46},"end":{"line":17,"column":58}},"4":{"start":{"line":18,"column":56},"end":{"line":18,"column":68}},"5":{"start":{"line":19,"column":38},"end":{"line":19,"column":50}},"6":{"start":{"line":21,"column":2},"end":{"line":23,"column":9}},"7":{"start":{"line":22,"column":4},"end":{"line":22,"column":23}},"8":{"start":{"line":26,"column":4},"end":{"line":34,"column":5}},"9":{"start":{"line":27,"column":18},"end":{"line":27,"column":87}},"10":{"start":{"line":28,"column":19},"end":{"line":28,"column":35}},"11":{"start":{"line":30,"column":6},"end":{"line":30,"column":42}},"12":{"start":{"line":31,"column":6},"end":{"line":31,"column":47}},"13":{"start":{"line":33,"column":6},"end":{"line":33,"column":56}},"14":{"start":{"line":37,"column":19},"end":{"line":37,"column":30}},"15":{"start":{"line":38,"column":2},"end":{"line":44,"column":3}},"16":{"start":{"line":39,"column":4},"end":{"line":43,"column":6}},"17":{"start":{"line":46,"column":2},"end":{"line":81,"column":4}},"18":{"start":{"line":54,"column":27},"end":{"line":54,"column":56}},"19":{"start":{"line":59,"column":25},"end":{"line":59,"column":63}},"20":{"start":{"line":60,"column":12},"end":{"line":60,"column":41}},"21":{"start":{"line":72,"column":12},"end":{"line":74,"column":19}}},"fnMap":{"0":{"name":"filterData","decl":{"start":{"line":10,"column":9},"end":{"line":10,"column":19}},"loc":{"start":{"line":10,"column":45},"end":{"line":14,"column":1}},"line":10},"1":{"name":"(anonymous_1)","decl":{"start":{"line":11,"column":28},"end":{"line":11,"column":29}},"loc":{"start":{"line":12,"column":4},"end":{"line":12,"column":86}},"line":12},"2":{"name":"(anonymous_2)","decl":{"start":{"line":16,"column":13},"end":{"line":16,"column":14}},"loc":{"start":{"line":16,"column":19},"end":{"line":82,"column":1}},"line":16},"3":{"name":"(anonymous_3)","decl":{"start":{"line":21,"column":12},"end":{"line":21,"column":13}},"loc":{"start":{"line":21,"column":18},"end":{"line":23,"column":3}},"line":21},"4":{"name":"fetchRestaurants","decl":{"start":{"line":25,"column":17},"end":{"line":25,"column":33}},"loc":{"start":{"line":25,"column":36},"end":{"line":35,"column":3}},"line":25},"5":{"name":"(anonymous_5)","decl":{"start":{"line":54,"column":20},"end":{"line":54,"column":21}},"loc":{"start":{"line":54,"column":27},"end":{"line":54,"column":56}},"line":54},"6":{"name":"(anonymous_6)","decl":{"start":{"line":58,"column":19},"end":{"line":58,"column":20}},"loc":{"start":{"line":58,"column":25},"end":{"line":61,"column":11}},"line":58},"7":{"name":"(anonymous_7)","decl":{"start":{"line":71,"column":34},"end":{"line":71,"column":35}},"loc":{"start":{"line":72,"column":12},"end":{"line":74,"column":19}},"line":72}},"branchMap":{"0":{"loc":{"start":{"line":38,"column":2},"end":{"line":44,"column":3}},"type":"if","locations":[{"start":{"line":38,"column":2},"end":{"line":44,"column":3}},{"start":{},"end":{}}],"line":38},"1":{"loc":{"start":{"line":68,"column":9},"end":{"line":78,"column":9}},"type":"cond-expr","locations":[{"start":{"line":69,"column":10},"end":{"line":69,"column":21}},{"start":{"line":70,"column":12},"end":{"line":78,"column":9}}],"line":68},"2":{"loc":{"start":{"line":70,"column":12},"end":{"line":78,"column":9}},"type":"cond-expr","locations":[{"start":{"line":71,"column":10},"end":{"line":75,"column":12}},{"start":{"line":77,"column":10},"end":{"line":77,"column":74}}],"line":70}},"s":{"0":1,"1":14,"2":2,"3":7,"4":7,"5":7,"6":7,"7":3,"8":3,"9":3,"10":3,"11":3,"12":3,"13":0,"14":7,"15":7,"16":0,"17":7,"18":1,"19":1,"20":1,"21":43},"f":{"0":1,"1":14,"2":7,"3":3,"4":3,"5":1,"6":1,"7":43},"b":{"0":[0,7],"1":[3,4],"2":[4,0]},"_coverageSchema":"1a1c01bbd47fc00a2c39e90264f33305004495a9","hash":"b069b90831a4cbc23cc8eefdd3656571f512acd4"}
,"C:\\Users\\HP\\Desktop\\FoodVilla\\src\\components\\Cart.jsx": {"path":"C:\\Users\\HP\\Desktop\\FoodVilla\\src\\components\\Cart.jsx","statementMap":{"0":{"start":{"line":5,"column":13},"end":{"line":42,"column":1}},"1":{"start":{"line":6,"column":20},"end":{"line":6,"column":60}},"2":{"start":{"line":6,"column":43},"end":{"line":6,"column":59}},"3":{"start":{"line":7,"column":19},"end":{"line":7,"column":32}},"4":{"start":{"line":9,"column":26},"end":{"line":11,"column":3}},"5":{"start":{"line":10,"column":4},"end":{"line":10,"column":26}},"6":{"start":{"line":13,"column":2},"end":{"line":41,"column":4}},"7":{"start":{"line":35,"column":2},"end":{"line":35,"column":36}}},"fnMap":{"0":{"name":"(anonymous_0)","decl":{"start":{"line":5,"column":13},"end":{"line":5,"column":14}},"loc":{"start":{"line":5,"column":19},"end":{"line":42,"column":1}},"line":5},"1":{"name":"(anonymous_1)","decl":{"start":{"line":6,"column":32},"end":{"line":6,"column":33}},"loc":{"start":{"line":6,"column":43},"end":{"line":6,"column":59}},"line":6},"2":{"name":"(anonymous_2)","decl":{"start":{"line":9,"column":26},"end":{"line":9,"column":27}},"loc":{"start":{"line":9,"column":32},"end":{"line":11,"column":3}},"line":9},"3":{"name":"(anonymous_3)","decl":{"start":{"line":34,"column":25},"end":{"line":34,"column":26}},"loc":{"start":{"line":35,"column":2},"end":{"line":35,"column":36}},"line":35}},"branchMap":{"0":{"loc":{"start":{"line":17,"column":7},"end":{"line":39,"column":7}},"type":"cond-expr","locations":[{"start":{"line":18,"column":8},"end":{"line":21,"column":14}},{"start":{"line":23,"column":8},"end":{"line":38,"column":11}}],"line":17}},"s":{"0":1,"1":1,"2":2,"3":1,"4":1,"5":0,"6":1,"7":0},"f":{"0":1,"1":2,"2":0,"3":0},"b":{"0":[1,0]},"_coverageSchema":"1a1c01bbd47fc00a2c39e90264f33305004495a9","hash":"62e43709bd80da0a09a86b1b8e1b31e6ef13d93d"}
,"C:\\Users\\HP\\Desktop\\FoodVilla\\src\\components\\Header.jsx": {"path":"C:\\Users\\HP\\Desktop\\FoodVilla\\src\\components\\Header.jsx","statementMap":{"0":{"start":{"line":7,"column":15},"end":{"line":52,"column":1}},"1":{"start":{"line":8,"column":19},"end":{"line":8,"column":59}},"2":{"start":{"line":8,"column":42},"end":{"line":8,"column":58}},"3":{"start":{"line":10,"column":2},"end":{"line":51,"column":4}}},"fnMap":{"0":{"name":"(anonymous_0)","decl":{"start":{"line":7,"column":15},"end":{"line":7,"column":16}},"loc":{"start":{"line":7,"column":21},"end":{"line":52,"column":1}},"line":7},"1":{"name":"(anonymous_1)","decl":{"start":{"line":8,"column":31},"end":{"line":8,"column":32}},"loc":{"start":{"line":8,"column":42},"end":{"line":8,"column":58}},"line":8}},"branchMap":{"0":{"loc":{"start":{"line":35,"column":11},"end":{"line":39,"column":11}},"type":"binary-expr","locations":[{"start":{"line":35,"column":11},"end":{"line":35,"column":30}},{"start":{"line":36,"column":12},"end":{"line":38,"column":19}}],"line":35}},"s":{"0":2,"1":3,"2":6,"3":3},"f":{"0":3,"1":6},"b":{"0":[3,0]},"_coverageSchema":"1a1c01bbd47fc00a2c39e90264f33305004495a9","hash":"414b184703f42bebce965207ce80ba493d41319d"}
,"C:\\Users\\HP\\Desktop\\FoodVilla\\src\\components\\RestraurantMenu.jsx": {"path":"C:\\Users\\HP\\Desktop\\FoodVilla\\src\\components\\RestraurantMenu.jsx","statementMap":{"0":{"start":{"line":7,"column":24},"end":{"line":45,"column":1}},"1":{"start":{"line":8,"column":17},"end":{"line":8,"column":28}},"2":{"start":{"line":9,"column":21},"end":{"line":9,"column":34}},"3":{"start":{"line":10,"column":19},"end":{"line":10,"column":32}},"4":{"start":{"line":12,"column":24},"end":{"line":12,"column":59}},"5":{"start":{"line":12,"column":30},"end":{"line":12,"column":59}},"6":{"start":{"line":14,"column":2},"end":{"line":44,"column":4}}},"fnMap":{"0":{"name":"(anonymous_0)","decl":{"start":{"line":7,"column":24},"end":{"line":7,"column":25}},"loc":{"start":{"line":7,"column":30},"end":{"line":45,"column":1}},"line":7},"1":{"name":"(anonymous_1)","decl":{"start":{"line":12,"column":24},"end":{"line":12,"column":25}},"loc":{"start":{"line":12,"column":30},"end":{"line":12,"column":59}},"line":12}},"branchMap":{"0":{"loc":{"start":{"line":14,"column":9},"end":{"line":44,"column":3}},"type":"cond-expr","locations":[{"start":{"line":15,"column":4},"end":{"line":15,"column":15}},{"start":{"line":17,"column":4},"end":{"line":43,"column":10}}],"line":14}},"s":{"0":1,"1":2,"2":2,"3":2,"4":2,"5":0,"6":2},"f":{"0":2,"1":0},"b":{"0":[2,0]},"_coverageSchema":"1a1c01bbd47fc00a2c39e90264f33305004495a9","hash":"76c10a64df8e12a4b80a077bbef7e1a1a10dc64c"}
,"C:\\Users\\HP\\Desktop\\FoodVilla\\src\\components\\RestroCard.jsx": {"path":"C:\\Users\\HP\\Desktop\\FoodVilla\\src\\components\\RestroCard.jsx","statementMap":{"0":{"start":{"line":4,"column":19},"end":{"line":41,"column":1}},"1":{"start":{"line":5,"column":19},"end":{"line":5,"column":32}},"2":{"start":{"line":7,"column":26},"end":{"line":9,"column":3}},"3":{"start":{"line":8,"column":4},"end":{"line":8,"column":61}},"4":{"start":{"line":11,"column":2},"end":{"line":40,"column":4}}},"fnMap":{"0":{"name":"(anonymous_0)","decl":{"start":{"line":4,"column":19},"end":{"line":4,"column":20}},"loc":{"start":{"line":4,"column":94},"end":{"line":41,"column":1}},"line":4},"1":{"name":"(anonymous_1)","decl":{"start":{"line":7,"column":26},"end":{"line":7,"column":27}},"loc":{"start":{"line":7,"column":32},"end":{"line":9,"column":3}},"line":7}},"branchMap":{},"s":{"0":2,"1":43,"2":43,"3":0,"4":43},"f":{"0":43,"1":0},"b":{},"_coverageSchema":"1a1c01bbd47fc00a2c39e90264f33305004495a9","hash":"8e761712d06fed3c5e1d1d62b98ddeefa0e490cb"}
,"C:\\Users\\HP\\Desktop\\FoodVilla\\src\\components\\Shimmer.jsx": {"path":"C:\\Users\\HP\\Desktop\\FoodVilla\\src\\components\\Shimmer.jsx","statementMap":{"0":{"start":{"line":3,"column":16},"end":{"line":25,"column":1}},"1":{"start":{"line":4,"column":2},"end":{"line":24,"column":4}},"2":{"start":{"line":7,"column":8},"end":{"line":21,"column":14}}},"fnMap":{"0":{"name":"(anonymous_0)","decl":{"start":{"line":3,"column":16},"end":{"line":3,"column":17}},"loc":{"start":{"line":3,"column":22},"end":{"line":25,"column":1}},"line":3},"1":{"name":"(anonymous_1)","decl":{"start":{"line":6,"column":29},"end":{"line":6,"column":30}},"loc":{"start":{"line":7,"column":8},"end":{"line":21,"column":14}},"line":7}},"branchMap":{},"s":{"0":2,"1":5,"2":40},"f":{"0":5,"1":40},"b":{},"_coverageSchema":"1a1c01bbd47fc00a2c39e90264f33305004495a9","hash":"283bfb34caed38c1309613fdc12d309c087d4d07"}
,"C:\\Users\\HP\\Desktop\\FoodVilla\\src\\components\\constant.js": {"path":"C:\\Users\\HP\\Desktop\\FoodVilla\\src\\components\\constant.js","statementMap":{"0":{"start":{"line":1,"column":18},"end":{"line":1,"column":72}}},"fnMap":{},"branchMap":{},"s":{"0":2},"f":{},"b":{},"_coverageSchema":"1a1c01bbd47fc00a2c39e90264f33305004495a9","hash":"3ecaf813d5647ce4f986b34e90b191e55faed9c5"}
,"C:\\Users\\HP\\Desktop\\FoodVilla\\src\\components\\foodItem.jsx": {"path":"C:\\Users\\HP\\Desktop\\FoodVilla\\src\\components\\foodItem.jsx","statementMap":{"0":{"start":{"line":1,"column":17},"end":{"line":25,"column":1}},"1":{"start":{"line":4,"column":4},"end":{"line":6,"column":35}},"2":{"start":{"line":8,"column":2},"end":{"line":24,"column":4}}},"fnMap":{"0":{"name":"(anonymous_0)","decl":{"start":{"line":1,"column":17},"end":{"line":1,"column":18}},"loc":{"start":{"line":1,"column":92},"end":{"line":25,"column":1}},"line":1}},"branchMap":{"0":{"loc":{"start":{"line":4,"column":4},"end":{"line":6,"column":35}},"type":"cond-expr","locations":[{"start":{"line":5,"column":8},"end":{"line":5,"column":71}},{"start":{"line":6,"column":8},"end":{"line":6,"column":35}}],"line":4}},"s":{"0":1,"1":0,"2":0},"f":{"0":0},"b":{"0":[0,0]},"_coverageSchema":"1a1c01bbd47fc00a2c39e90264f33305004495a9","hash":"17d0d8a59057a86d55729bec712da880941277c4"}
,"C:\\Users\\HP\\Desktop\\FoodVilla\\src\\mocks\\data.js": {"path":"C:\\Users\\HP\\Desktop\\FoodVilla\\src\\mocks\\data.js","statementMap":{"0":{"start":{"line":1,"column":19},"end":{"line":88,"column":1}}},"fnMap":{},"branchMap":{},"s":{"0":2},"f":{},"b":{},"_coverageSchema":"1a1c01bbd47fc00a2c39e90264f33305004495a9","hash":"5e5687cca4d8e6a127b8b4c3d5fc382e322d6e9e"}
,"C:\\Users\\HP\\Desktop\\FoodVilla\\src\\utils\\useOnline.js": {"path":"C:\\Users\\HP\\Desktop\\FoodVilla\\src\\utils\\useOnline.js","statementMap":{"0":{"start":{"line":3,"column":18},"end":{"line":25,"column":1}},"1":{"start":{"line":4,"column":34},"end":{"line":4,"column":48}},"2":{"start":{"line":6,"column":24},"end":{"line":8,"column":3}},"3":{"start":{"line":7,"column":4},"end":{"line":7,"column":22}},"4":{"start":{"line":10,"column":25},"end":{"line":12,"column":3}},"5":{"start":{"line":11,"column":4},"end":{"line":11,"column":23}},"6":{"start":{"line":14,"column":2},"end":{"line":22,"column":9}},"7":{"start":{"line":15,"column":4},"end":{"line":15,"column":53}},"8":{"start":{"line":16,"column":4},"end":{"line":16,"column":55}},"9":{"start":{"line":18,"column":4},"end":{"line":21,"column":6}},"10":{"start":{"line":19,"column":6},"end":{"line":19,"column":58}},"11":{"start":{"line":20,"column":6},"end":{"line":20,"column":60}},"12":{"start":{"line":24,"column":2},"end":{"line":24,"column":18}}},"fnMap":{"0":{"name":"(anonymous_0)","decl":{"start":{"line":3,"column":18},"end":{"line":3,"column":19}},"loc":{"start":{"line":3,"column":24},"end":{"line":25,"column":1}},"line":3},"1":{"name":"(anonymous_1)","decl":{"start":{"line":6,"column":24},"end":{"line":6,"column":25}},"loc":{"start":{"line":6,"column":30},"end":{"line":8,"column":3}},"line":6},"2":{"name":"(anonymous_2)","decl":{"start":{"line":10,"column":25},"end":{"line":10,"column":26}},"loc":{"start":{"line":10,"column":31},"end":{"line":12,"column":3}},"line":10},"3":{"name":"(anonymous_3)","decl":{"start":{"line":14,"column":12},"end":{"line":14,"column":13}},"loc":{"start":{"line":14,"column":18},"end":{"line":22,"column":3}},"line":14},"4":{"name":"(anonymous_4)","decl":{"start":{"line":18,"column":11},"end":{"line":18,"column":12}},"loc":{"start":{"line":18,"column":17},"end":{"line":21,"column":5}},"line":18}},"branchMap":{},"s":{"0":2,"1":7,"2":7,"3":0,"4":7,"5":0,"6":7,"7":3,"8":3,"9":3,"10":3,"11":3,"12":7},"f":{"0":7,"1":0,"2":0,"3":3,"4":3},"b":{},"_coverageSchema":"1a1c01bbd47fc00a2c39e90264f33305004495a9","hash":"b98023fbcd1aa162f6feae73592885a4f1675a8e"}
,"C:\\Users\\HP\\Desktop\\FoodVilla\\src\\utils\\useRestro.js": {"path":"C:\\Users\\HP\\Desktop\\FoodVilla\\src\\utils\\useRestro.js","statementMap":{"0":{"start":{"line":2,"column":17},"end":{"line":19,"column":1}},"1":{"start":{"line":3,"column":43},"end":{"line":3,"column":57}},"2":{"start":{"line":5,"column":2},"end":{"line":7,"column":9}},"3":{"start":{"line":6,"column":4},"end":{"line":6,"column":21}},"4":{"start":{"line":10,"column":17},"end":{"line":10,"column":86}},"5":{"start":{"line":11,"column":17},"end":{"line":11,"column":34}},"6":{"start":{"line":14,"column":28},"end":{"line":14,"column":80}},"7":{"start":{"line":14,"column":58},"end":{"line":14,"column":79}},"8":{"start":{"line":16,"column":4},"end":{"line":16,"column":36}},"9":{"start":{"line":18,"column":0},"end":{"line":18,"column":18}}},"fnMap":{"0":{"name":"(anonymous_0)","decl":{"start":{"line":2,"column":17},"end":{"line":2,"column":18}},"loc":{"start":{"line":2,"column":23},"end":{"line":19,"column":1}},"line":2},"1":{"name":"(anonymous_1)","decl":{"start":{"line":5,"column":12},"end":{"line":5,"column":13}},"loc":{"start":{"line":5,"column":18},"end":{"line":7,"column":3}},"line":5},"2":{"name":"getRestraurant","decl":{"start":{"line":9,"column":17},"end":{"line":9,"column":31}},"loc":{"start":{"line":9,"column":34},"end":{"line":17,"column":3}},"line":9},"3":{"name":"(anonymous_3)","decl":{"start":{"line":14,"column":49},"end":{"line":14,"column":50}},"loc":{"start":{"line":14,"column":58},"end":{"line":14,"column":79}},"line":14}},"branchMap":{},"s":{"0":1,"1":2,"2":2,"3":1,"4":1,"5":1,"6":1,"7":14,"8":1,"9":2},"f":{"0":2,"1":1,"2":1,"3":14},"b":{},"_coverageSchema":"1a1c01bbd47fc00a2c39e90264f33305004495a9","hash":"8a05f4316057afd503b1a76e5e65625a0fc71229"}
}
