TN:
SF:src\cartSlice.js
FN:10,(anonymous_0)
FN:14,(anonymous_1)
FN:18,(anonymous_2)
FNF:3
FNH:0
FNDA:0,(anonymous_0)
FNDA:0,(anonymous_1)
FNDA:0,(anonymous_2)
DA:3,2
DA:11,0
DA:15,0
DA:19,0
DA:26,2
LF:5
LH:2
BRF:0
BRH:0
end_of_record
TN:
SF:src\store.js
FNF:0
FNH:0
DA:4,2
LF:1
LH:1
BRF:0
BRH:0
end_of_record
TN:
SF:src\components\Body.jsx
FN:10,filterData
FN:11,(anonymous_1)
FN:16,(anonymous_2)
FN:21,(anonymous_3)
FN:25,fetchRestaurants
FN:54,(anonymous_5)
FN:58,(anonymous_6)
FN:71,(anonymous_7)
FNF:8
FNH:8
FNDA:1,filterData
FNDA:14,(anonymous_1)
FNDA:7,(anonymous_2)
FNDA:3,(anonymous_3)
FNDA:3,fetchRestaurants
FNDA:1,(anonymous_5)
FNDA:1,(anonymous_6)
FNDA:43,(anonymous_7)
DA:11,1
DA:12,14
DA:16,1
DA:17,7
DA:18,7
DA:19,7
DA:21,7
DA:22,3
DA:26,3
DA:27,3
DA:28,3
DA:30,3
DA:31,3
DA:33,0
DA:37,7
DA:38,7
DA:39,0
DA:46,7
DA:54,1
DA:59,1
DA:60,1
DA:72,43
LF:22
LH:20
BRDA:38,0,0,0
BRDA:38,0,1,7
BRDA:68,1,0,3
BRDA:68,1,1,4
BRDA:70,2,0,4
BRDA:70,2,1,0
BRF:6
BRH:4
end_of_record
TN:
SF:src\components\Header.jsx
FN:7,(anonymous_0)
FN:8,(anonymous_1)
FNF:2
FNH:2
FNDA:2,(anonymous_0)
FNDA:4,(anonymous_1)
DA:7,1
DA:8,4
DA:10,2
LF:3
LH:3
BRDA:35,0,0,2
BRDA:35,0,1,0
BRF:2
BRH:1
end_of_record
TN:
SF:src\components\RestroCard.jsx
FN:4,(anonymous_0)
FN:7,(anonymous_1)
FNF:2
FNH:1
FNDA:43,(anonymous_0)
FNDA:0,(anonymous_1)
DA:4,1
DA:5,43
DA:7,43
DA:8,0
DA:11,43
LF:5
LH:4
BRF:0
BRH:0
end_of_record
TN:
SF:src\components\Shimmer.jsx
FN:3,(anonymous_0)
FN:6,(anonymous_1)
FNF:2
FNH:2
FNDA:3,(anonymous_0)
FNDA:24,(anonymous_1)
DA:3,1
DA:4,3
DA:7,24
LF:3
LH:3
BRF:0
BRH:0
end_of_record
TN:
SF:src\components\constant.js
FNF:0
FNH:0
DA:1,1
LF:1
LH:1
BRF:0
BRH:0
end_of_record
TN:
SF:src\mocks\data.js
FNF:0
FNH:0
DA:1,1
LF:1
LH:1
BRF:0
BRH:0
end_of_record
TN:
SF:src\utils\useOnline.js
FN:3,(anonymous_0)
FN:6,(anonymous_1)
FN:10,(anonymous_2)
FN:14,(anonymous_3)
FN:18,(anonymous_4)
FNF:5
FNH:3
FNDA:7,(anonymous_0)
FNDA:0,(anonymous_1)
FNDA:0,(anonymous_2)
FNDA:3,(anonymous_3)
FNDA:3,(anonymous_4)
DA:3,1
DA:4,7
DA:6,7
DA:7,0
DA:10,7
DA:11,0
DA:14,7
DA:15,3
DA:16,3
DA:18,3
DA:19,3
DA:20,3
DA:24,7
LF:13
LH:11
BRF:0
BRH:0
end_of_record
