TN:
SF:src\cartSlice.js
FN:10,(anonymous_0)
FN:14,(anonymous_1)
FN:18,(anonymous_2)
FNF:3
FNH:0
FNDA:0,(anonymous_0)
FNDA:0,(anonymous_1)
FNDA:0,(anonymous_2)
DA:3,2
DA:11,0
DA:15,0
DA:19,0
DA:26,2
LF:5
LH:2
BRF:0
BRH:0
end_of_record
TN:
SF:src\store.js
FNF:0
FNH:0
DA:4,2
LF:1
LH:1
BRF:0
BRH:0
end_of_record
TN:
SF:src\components\Body.jsx
FN:10,filterData
FN:11,(anonymous_1)
FN:16,(anonymous_2)
FN:21,(anonymous_3)
FN:25,fetchRestaurants
FN:54,(anonymous_5)
FN:58,(anonymous_6)
FN:71,(anonymous_7)
FNF:8
FNH:4
FNDA:0,filterData
FNDA:0,(anonymous_1)
FNDA:3,(anonymous_2)
FNDA:2,(anonymous_3)
FNDA:2,fetchRestaurants
FNDA:0,(anonymous_5)
FNDA:0,(anonymous_6)
FNDA:14,(anonymous_7)
DA:11,0
DA:12,0
DA:16,1
DA:17,3
DA:18,3
DA:19,3
DA:21,3
DA:22,2
DA:26,2
DA:27,2
DA:28,2
DA:30,2
DA:31,2
DA:33,0
DA:37,3
DA:38,3
DA:39,0
DA:46,3
DA:54,0
DA:59,0
DA:60,0
DA:72,14
LF:22
LH:15
BRDA:38,0,0,0
BRDA:38,0,1,3
BRDA:68,1,0,2
BRDA:68,1,1,1
BRDA:70,2,0,1
BRDA:70,2,1,0
BRF:6
BRH:4
end_of_record
TN:
SF:src\components\Header.jsx
FN:7,(anonymous_0)
FN:8,(anonymous_1)
FNF:2
FNH:2
FNDA:2,(anonymous_0)
FNDA:4,(anonymous_1)
DA:7,1
DA:8,4
DA:10,2
LF:3
LH:3
BRDA:35,0,0,2
BRDA:35,0,1,0
BRF:2
BRH:1
end_of_record
TN:
SF:src\components\RestroCard.jsx
FN:4,(anonymous_0)
FN:7,(anonymous_1)
FNF:2
FNH:1
FNDA:14,(anonymous_0)
FNDA:0,(anonymous_1)
DA:4,1
DA:5,14
DA:7,14
DA:8,0
DA:11,14
LF:5
LH:4
BRF:0
BRH:0
end_of_record
TN:
SF:src\components\Shimmer.jsx
FN:3,(anonymous_0)
FN:6,(anonymous_1)
FNF:2
FNH:2
FNDA:2,(anonymous_0)
FNDA:16,(anonymous_1)
DA:3,1
DA:4,2
DA:7,16
LF:3
LH:3
BRF:0
BRH:0
end_of_record
TN:
SF:src\components\constant.js
FNF:0
FNH:0
DA:1,1
LF:1
LH:1
BRF:0
BRH:0
end_of_record
TN:
SF:src\mocks\data.js
FNF:0
FNH:0
DA:1,1
LF:1
LH:1
BRF:0
BRH:0
end_of_record
TN:
SF:src\utils\useOnline.js
FN:3,(anonymous_0)
FN:6,(anonymous_1)
FN:10,(anonymous_2)
FN:14,(anonymous_3)
FN:18,(anonymous_4)
FNF:5
FNH:3
FNDA:3,(anonymous_0)
FNDA:0,(anonymous_1)
FNDA:0,(anonymous_2)
FNDA:2,(anonymous_3)
FNDA:2,(anonymous_4)
DA:3,1
DA:4,3
DA:6,3
DA:7,0
DA:10,3
DA:11,0
DA:14,3
DA:15,2
DA:16,2
DA:18,2
DA:19,2
DA:20,2
DA:24,3
LF:13
LH:11
BRF:0
BRH:0
end_of_record
